#
# There is insufficient memory for the Java Runtime Environment to continue.
# Native memory allocation (malloc) failed to allocate 1008096 bytes for Chunk::new
# Possible reasons:
#   The system is out of physical RAM or swap space
#   The process is running with CompressedOops enabled, and the Java Heap may be blocking the growth of the native heap
# Possible solutions:
#   Reduce memory load on the system
#   Increase physical memory or swap space
#   Check if swap backing store is full
#   Decrease Java heap size (-Xmx/-Xms)
#   Decrease number of Java threads
#   Decrease Java thread stack sizes (-Xss)
#   Set larger code cache with -XX:ReservedCodeCacheSize=
#   JVM is running with Unscaled Compressed Oops mode in which the Java heap is
#     placed in the first 4GB address space. The Java Heap base address is the
#     maximum limit for the native heap growth. Please use -XX:HeapBaseMinAddress
#     to set the Java Heap base and to place the Java Heap above 4GB virtual address.
# This output file may be truncated or incomplete.
#
#  Out of Memory Error (./src/hotspot/share/memory/arena.cpp:197), pid=4220, tid=15312
#
# JRE version: OpenJDK Runtime Environment (11.0.13) (build 11.0.13+0-b1751.21-8125866)
# Java VM: OpenJDK 64-Bit Server VM (11.0.13+0-b1751.21-8125866, mixed mode, tiered, compressed oops, g1 gc, windows-amd64)
# No core dump will be written. Minidumps are not enabled by default on client versions of Windows
#

---------------  S U M M A R Y ------------

Command Line: --add-opens=java.base/java.util=ALL-UNNAMED --add-opens=java.base/java.lang=ALL-UNNAMED --add-opens=java.base/java.lang.invoke=ALL-UNNAMED --add-opens=java.base/java.util=ALL-UNNAMED --add-opens=java.prefs/java.util.prefs=ALL-UNNAMED --add-opens=java.prefs/java.util.prefs=ALL-UNNAMED --add-opens=java.base/java.nio.charset=ALL-UNNAMED --add-opens=java.base/java.net=ALL-UNNAMED --add-opens=java.base/java.util.concurrent.atomic=ALL-UNNAMED -Xmx2048m -Dfile.encoding=UTF-8 -Duser.country=US -Duser.language=en -Duser.variant org.gradle.launcher.daemon.bootstrap.GradleDaemon 7.4

Host: Intel(R) Core(TM) i3-1005G1 CPU @ 1.20GHz, 4 cores, 7G,  Windows 11 , 64 bit Build 22621 (10.0.22621.1485)
Time: Mon May 15 17:49:37 2023 Morocco Daylight Time elapsed time: 34.017079 seconds (0d 0h 0m 34s)

---------------  T H R E A D  ---------------

Current thread (0x000001bcfffcd000):  JavaThread "C2 CompilerThread0" daemon [_thread_in_native, id=15312, stack(0x0000003932a00000,0x0000003932b00000)]


Current CompileTask:
C2:  34017 7498       4       org.gradle.internal.instantiation.generator.AbstractClassGenerator::inspectType (560 bytes)

Stack: [0x0000003932a00000,0x0000003932b00000]
Native frames: (J=compiled Java code, j=interpreted, Vv=VM code, C=native code)
V  [jvm.dll+0x6100fa]
V  [jvm.dll+0x747090]
V  [jvm.dll+0x7486ad]
V  [jvm.dll+0x748d83]
V  [jvm.dll+0x24ab48]
V  [jvm.dll+0xc04dc]
V  [jvm.dll+0xc0a0c]
V  [jvm.dll+0x2bfab4]
V  [jvm.dll+0x524238]
V  [jvm.dll+0x204802]
V  [jvm.dll+0x2023c2]
V  [jvm.dll+0x188e01]
V  [jvm.dll+0x21106b]
V  [jvm.dll+0x20f8c1]
V  [jvm.dll+0x70de0f]
V  [jvm.dll+0x706a75]
V  [jvm.dll+0x60ed66]
C  [ucrtbase.dll+0x29363]
C  [KERNEL32.DLL+0x1269d]
C  [ntdll.dll+0x5a9f8]


---------------  P R O C E S S  ---------------

Threads class SMR info:
_java_thread_list=0x000001bc87979c80, length=78, elements={
0x000001bcea3a9000, 0x000001bcfffac800, 0x000001bcfffae800, 0x000001bc84942800,
0x000001bcfffcb000, 0x000001bcfffcc000, 0x000001bcfffcd000, 0x000001bcfffd1000,
0x000001bc8498f800, 0x000001bc84a89000, 0x000001bc86747000, 0x000001bc874e4800,
0x000001bc85db6800, 0x000001bc87599800, 0x000001bc8759a800, 0x000001bc86fed800,
0x000001bc8757e000, 0x000001bc8764e000, 0x000001bc8764f000, 0x000001bc87231800,
0x000001bc84ec1800, 0x000001bc84ec5000, 0x000001bc84ec5800, 0x000001bc84ec0000,
0x000001bc84ec6800, 0x000001bc84ec0800, 0x000001bc84ec3000, 0x000001bc84ec4000,
0x000001bc84ec2800, 0x000001bc85a6d800, 0x000001bc85a6f800, 0x000001bc85a6b000,
0x000001bc85a6d000, 0x000001bc85a6c000, 0x000001bc85a6a800, 0x000001bc85a73800,
0x000001bc85a74000, 0x000001bc85a70000, 0x000001bc85a75000, 0x000001bc85a72000,
0x000001bc85a76000, 0x000001bc85a76800, 0x000001bc85a71000, 0x000001bc85a77800,
0x000001bc85a78800, 0x000001bc85a72800, 0x000001bc85a79000, 0x000001bc861d2000,
0x000001bc861cc000, 0x000001bc861cf800, 0x000001bc861ce800, 0x000001bc861d0000,
0x000001bc861d1000, 0x000001bc861d2800, 0x000001bc861cd000, 0x000001bc861d3800,
0x000001bc861ce000, 0x000001bc861d7000, 0x000001bc861d9000, 0x000001bc861da000,
0x000001bc861d8800, 0x000001bc861d7800, 0x000001bc861d4800, 0x000001bc861d6000,
0x000001bc861db000, 0x000001bc861d5000, 0x000001bc868c4800, 0x000001bc868c7800,
0x000001bc868cb000, 0x000001bc868c6000, 0x000001bc868c6800, 0x000001bc868c8800,
0x000001bc868c5000, 0x000001bc868ce000, 0x000001bc868cd800, 0x000001bc868cf000,
0x000001bc868c9000, 0x000001bc868cb800
}

Java Threads: ( => current thread )
  0x000001bcea3a9000 JavaThread "main" [_thread_blocked, id=1140, stack(0x0000003931e00000,0x0000003931f00000)]
  0x000001bcfffac800 JavaThread "Reference Handler" daemon [_thread_blocked, id=7800, stack(0x0000003932500000,0x0000003932600000)]
  0x000001bcfffae800 JavaThread "Finalizer" daemon [_thread_blocked, id=15488, stack(0x0000003932600000,0x0000003932700000)]
  0x000001bc84942800 JavaThread "Signal Dispatcher" daemon [_thread_blocked, id=19128, stack(0x0000003932700000,0x0000003932800000)]
  0x000001bcfffcb000 JavaThread "Attach Listener" daemon [_thread_blocked, id=8808, stack(0x0000003932800000,0x0000003932900000)]
  0x000001bcfffcc000 JavaThread "Service Thread" daemon [_thread_blocked, id=15040, stack(0x0000003932900000,0x0000003932a00000)]
=>0x000001bcfffcd000 JavaThread "C2 CompilerThread0" daemon [_thread_in_native, id=15312, stack(0x0000003932a00000,0x0000003932b00000)]
  0x000001bcfffd1000 JavaThread "C1 CompilerThread0" daemon [_thread_blocked, id=12124, stack(0x0000003932b00000,0x0000003932c00000)]
  0x000001bc8498f800 JavaThread "Sweeper thread" daemon [_thread_blocked, id=23472, stack(0x0000003932c00000,0x0000003932d00000)]
  0x000001bc84a89000 JavaThread "Common-Cleaner" daemon [_thread_blocked, id=20684, stack(0x0000003932d00000,0x0000003932e00000)]
  0x000001bc86747000 JavaThread "Daemon health stats" [_thread_blocked, id=5508, stack(0x0000003933200000,0x0000003933300000)]
  0x000001bc874e4800 JavaThread "Incoming local TCP Connector on port 51198" [_thread_in_native, id=2752, stack(0x0000003933100000,0x0000003933200000)]
  0x000001bc85db6800 JavaThread "Daemon periodic checks" [_thread_blocked, id=4916, stack(0x0000003933300000,0x0000003933400000)]
  0x000001bc87599800 JavaThread "Daemon" [_thread_blocked, id=13132, stack(0x0000003933400000,0x0000003933500000)]
  0x000001bc8759a800 JavaThread "Handler for socket connection from /127.0.0.1:51198 to /127.0.0.1:51199" [_thread_in_native, id=18672, stack(0x0000003933500000,0x0000003933600000)]
  0x000001bc86fed800 JavaThread "Cancel handler" [_thread_blocked, id=22304, stack(0x0000003933600000,0x0000003933700000)]
  0x000001bc8757e000 JavaThread "Daemon worker" [_thread_in_Java, id=11056, stack(0x0000003933700000,0x0000003933800000)]
  0x000001bc8764e000 JavaThread "Asynchronous log dispatcher for DefaultDaemonConnection: socket connection from /127.0.0.1:51198 to /127.0.0.1:51199" [_thread_blocked, id=4244, stack(0x0000003933800000,0x0000003933900000)]
  0x000001bc8764f000 JavaThread "Stdin handler" [_thread_blocked, id=23068, stack(0x0000003933900000,0x0000003933a00000)]
  0x000001bc87231800 JavaThread "Daemon client event forwarder" [_thread_blocked, id=21000, stack(0x0000003933a00000,0x0000003933b00000)]
  0x000001bc84ec1800 JavaThread "Cache worker for journal cache (C:\Users\admmd\.gradle\caches\journal-1)" [_thread_blocked, id=7268, stack(0x0000003933b00000,0x0000003933c00000)]
  0x000001bc84ec5000 JavaThread "File lock request listener" [_thread_in_native, id=7480, stack(0x0000003933c00000,0x0000003933d00000)]
  0x000001bc84ec5800 JavaThread "Cache worker for file hash cache (C:\Users\admmd\.gradle\caches\7.4\fileHashes)" [_thread_blocked, id=16004, stack(0x0000003933d00000,0x0000003933e00000)]
  0x000001bc84ec0000 JavaThread "File watcher server" daemon [_thread_in_native, id=19688, stack(0x0000003933f00000,0x0000003934000000)]
  0x000001bc84ec6800 JavaThread "File watcher consumer" daemon [_thread_blocked, id=18096, stack(0x0000003934000000,0x0000003934100000)]
  0x000001bc84ec0800 JavaThread "Cache worker for checksums cache (C:\Users\admmd\AndroidStudioProjects\Custom_drawer\.gradle\7.4\checksums)" [_thread_blocked, id=7144, stack(0x0000003934100000,0x0000003934200000)]
  0x000001bc84ec3000 JavaThread "Cache worker for cache directory md-rule (C:\Users\admmd\.gradle\caches\7.4\md-rule)" [_thread_blocked, id=19592, stack(0x0000003934200000,0x0000003934300000)]
  0x000001bc84ec4000 JavaThread "Cache worker for file hash cache (C:\Users\admmd\AndroidStudioProjects\Custom_drawer\.gradle\7.4\fileHashes)" [_thread_blocked, id=13728, stack(0x0000003934300000,0x0000003934400000)]
  0x000001bc84ec2800 JavaThread "Cache worker for cache directory md-supplier (C:\Users\admmd\.gradle\caches\7.4\md-supplier)" [_thread_blocked, id=12824, stack(0x0000003934400000,0x0000003934500000)]
  0x000001bc85a6d800 JavaThread "Cache worker for execution history cache (C:\Users\admmd\.gradle\caches\7.4\executionHistory)" [_thread_blocked, id=22476, stack(0x0000003934500000,0x0000003934600000)]
  0x000001bc85a6f800 JavaThread "jar transforms" [_thread_blocked, id=13240, stack(0x0000003934700000,0x0000003934800000)]
  0x000001bc85a6b000 JavaThread "Cache worker for file content cache (C:\Users\admmd\.gradle\caches\7.4\fileContent)" [_thread_blocked, id=9252, stack(0x0000003934800000,0x0000003934900000)]
  0x000001bc85a6d000 JavaThread "jar transforms Thread 2" [_thread_blocked, id=2504, stack(0x0000003934600000,0x0000003934700000)]
  0x000001bc85a6c000 JavaThread "Cache worker for dependencies-accessors (C:\Users\admmd\AndroidStudioProjects\Custom_drawer\.gradle\7.4\dependencies-accessors)" [_thread_blocked, id=6644, stack(0x0000003934900000,0x0000003934a00000)]
  0x000001bc85a6a800 JavaThread "jar transforms Thread 3" [_thread_blocked, id=12228, stack(0x0000003934a00000,0x0000003934b00000)]
  0x000001bc85a73800 JavaThread "Cache worker for Build Output Cleanup Cache (C:\Users\admmd\AndroidStudioProjects\Custom_drawer\.gradle\buildOutputCleanup)" [_thread_blocked, id=4612, stack(0x0000003934b00000,0x0000003934c00000)]
  0x000001bc85a74000 JavaThread "Unconstrained build operations" [_thread_blocked, id=5660, stack(0x0000003934c00000,0x0000003934d00000)]
  0x000001bc85a70000 JavaThread "Unconstrained build operations Thread 2" [_thread_blocked, id=7036, stack(0x0000003934d00000,0x0000003934e00000)]
  0x000001bc85a75000 JavaThread "Unconstrained build operations Thread 3" [_thread_blocked, id=17188, stack(0x0000003934e00000,0x0000003934f00000)]
  0x000001bc85a72000 JavaThread "Unconstrained build operations Thread 4" [_thread_blocked, id=5956, stack(0x0000003934f00000,0x0000003935000000)]
  0x000001bc85a76000 JavaThread "Unconstrained build operations Thread 5" [_thread_blocked, id=16520, stack(0x0000003935000000,0x0000003935100000)]
  0x000001bc85a76800 JavaThread "Unconstrained build operations Thread 6" [_thread_blocked, id=7356, stack(0x0000003935100000,0x0000003935200000)]
  0x000001bc85a71000 JavaThread "Unconstrained build operations Thread 7" [_thread_blocked, id=22432, stack(0x0000003935200000,0x0000003935300000)]
  0x000001bc85a77800 JavaThread "Unconstrained build operations Thread 8" [_thread_blocked, id=20040, stack(0x0000003935300000,0x0000003935400000)]
  0x000001bc85a78800 JavaThread "Unconstrained build operations Thread 9" [_thread_blocked, id=10156, stack(0x0000003935400000,0x0000003935500000)]
  0x000001bc85a72800 JavaThread "Unconstrained build operations Thread 10" [_thread_blocked, id=21640, stack(0x0000003935500000,0x0000003935600000)]
  0x000001bc85a79000 JavaThread "Unconstrained build operations Thread 11" [_thread_blocked, id=17456, stack(0x0000003935600000,0x0000003935700000)]
  0x000001bc861d2000 JavaThread "Unconstrained build operations Thread 12" [_thread_blocked, id=340, stack(0x0000003935700000,0x0000003935800000)]
  0x000001bc861cc000 JavaThread "Unconstrained build operations Thread 13" [_thread_blocked, id=7360, stack(0x0000003935800000,0x0000003935900000)]
  0x000001bc861cf800 JavaThread "Unconstrained build operations Thread 14" [_thread_blocked, id=11700, stack(0x0000003935900000,0x0000003935a00000)]
  0x000001bc861ce800 JavaThread "Unconstrained build operations Thread 15" [_thread_blocked, id=9308, stack(0x0000003935a00000,0x0000003935b00000)]
  0x000001bc861d0000 JavaThread "Unconstrained build operations Thread 16" [_thread_blocked, id=22032, stack(0x0000003935b00000,0x0000003935c00000)]
  0x000001bc861d1000 JavaThread "Unconstrained build operations Thread 17" [_thread_blocked, id=4504, stack(0x0000003935c00000,0x0000003935d00000)]
  0x000001bc861d2800 JavaThread "Unconstrained build operations Thread 18" [_thread_blocked, id=10304, stack(0x0000003935d00000,0x0000003935e00000)]
  0x000001bc861cd000 JavaThread "Unconstrained build operations Thread 19" [_thread_blocked, id=916, stack(0x0000003935e00000,0x0000003935f00000)]
  0x000001bc861d3800 JavaThread "Unconstrained build operations Thread 20" [_thread_blocked, id=17208, stack(0x0000003935f00000,0x0000003936000000)]
  0x000001bc861ce000 JavaThread "Unconstrained build operations Thread 21" [_thread_blocked, id=4712, stack(0x0000003936000000,0x0000003936100000)]
  0x000001bc861d7000 JavaThread "Unconstrained build operations Thread 22" [_thread_blocked, id=18168, stack(0x0000003936100000,0x0000003936200000)]
  0x000001bc861d9000 JavaThread "Unconstrained build operations Thread 23" [_thread_blocked, id=8884, stack(0x0000003936200000,0x0000003936300000)]
  0x000001bc861da000 JavaThread "Unconstrained build operations Thread 24" [_thread_blocked, id=17992, stack(0x0000003936300000,0x0000003936400000)]
  0x000001bc861d8800 JavaThread "Unconstrained build operations Thread 25" [_thread_blocked, id=10088, stack(0x0000003936400000,0x0000003936500000)]
  0x000001bc861d7800 JavaThread "Unconstrained build operations Thread 26" [_thread_blocked, id=20064, stack(0x0000003936500000,0x0000003936600000)]
  0x000001bc861d4800 JavaThread "Unconstrained build operations Thread 27" [_thread_blocked, id=2392, stack(0x0000003936600000,0x0000003936700000)]
  0x000001bc861d6000 JavaThread "Unconstrained build operations Thread 28" [_thread_blocked, id=22224, stack(0x0000003936700000,0x0000003936800000)]
  0x000001bc861db000 JavaThread "Unconstrained build operations Thread 29" [_thread_blocked, id=20024, stack(0x0000003936800000,0x0000003936900000)]
  0x000001bc861d5000 JavaThread "Unconstrained build operations Thread 30" [_thread_blocked, id=4548, stack(0x0000003936900000,0x0000003936a00000)]
  0x000001bc868c4800 JavaThread "Unconstrained build operations Thread 31" [_thread_blocked, id=13648, stack(0x0000003936a00000,0x0000003936b00000)]
  0x000001bc868c7800 JavaThread "Unconstrained build operations Thread 32" [_thread_blocked, id=11668, stack(0x0000003936b00000,0x0000003936c00000)]
  0x000001bc868cb000 JavaThread "Unconstrained build operations Thread 33" [_thread_blocked, id=5600, stack(0x0000003936c00000,0x0000003936d00000)]
  0x000001bc868c6000 JavaThread "Unconstrained build operations Thread 34" [_thread_blocked, id=18504, stack(0x0000003936d00000,0x0000003936e00000)]
  0x000001bc868c6800 JavaThread "Unconstrained build operations Thread 35" [_thread_blocked, id=18208, stack(0x0000003936e00000,0x0000003936f00000)]
  0x000001bc868c8800 JavaThread "Unconstrained build operations Thread 36" [_thread_blocked, id=12760, stack(0x0000003936f00000,0x0000003937000000)]
  0x000001bc868c5000 JavaThread "Unconstrained build operations Thread 37" [_thread_blocked, id=7204, stack(0x0000003937000000,0x0000003937100000)]
  0x000001bc868ce000 JavaThread "Unconstrained build operations Thread 38" [_thread_blocked, id=19140, stack(0x0000003937100000,0x0000003937200000)]
  0x000001bc868cd800 JavaThread "Unconstrained build operations Thread 39" [_thread_blocked, id=8604, stack(0x0000003937200000,0x0000003937300000)]
  0x000001bc868cf000 JavaThread "Unconstrained build operations Thread 40" [_thread_blocked, id=8700, stack(0x0000003937300000,0x0000003937400000)]
  0x000001bc868c9000 JavaThread "jar transforms Thread 4" [_thread_blocked, id=16792, stack(0x0000003937400000,0x0000003937500000)]
  0x000001bc868cb800 JavaThread "Memory manager" [_thread_blocked, id=15708, stack(0x0000003937600000,0x0000003937700000)]

Other Threads:
  0x000001bcfffaa000 VMThread "VM Thread" [stack: 0x0000003932400000,0x0000003932500000] [id=15684]
  0x000001bc84ab3800 WatcherThread [stack: 0x0000003932e00000,0x0000003932f00000] [id=14632]
  0x000001bcea3c2800 GCTaskThread "GC Thread#0" [stack: 0x0000003931f00000,0x0000003932000000] [id=6984]
  0x000001bc84f7e800 GCTaskThread "GC Thread#1" [stack: 0x0000003932f00000,0x0000003933000000] [id=11180]
  0x000001bc850c4800 GCTaskThread "GC Thread#2" [stack: 0x0000003933000000,0x0000003933100000] [id=22092]
  0x000001bc85aa2800 GCTaskThread "GC Thread#3" [stack: 0x0000003933e00000,0x0000003933f00000] [id=11928]
  0x000001bcea3f2800 ConcurrentGCThread "G1 Main Marker" [stack: 0x0000003932000000,0x0000003932100000] [id=23104]
  0x000001bcea3f4000 ConcurrentGCThread "G1 Conc#0" [stack: 0x0000003932100000,0x0000003932200000] [id=21072]
  0x000001bcea476000 ConcurrentGCThread "G1 Refine#0" [stack: 0x0000003932200000,0x0000003932300000] [id=8320]
  0x000001bcffe01800 ConcurrentGCThread "G1 Young RemSet Sampling" [stack: 0x0000003932300000,0x0000003932400000] [id=21228]

Threads with active compile tasks:
C2 CompilerThread0  34054 7498       4       org.gradle.internal.instantiation.generator.AbstractClassGenerator::inspectType (560 bytes)

VM state:not at safepoint (normal execution)

VM Mutex/Monitor currently owned by a thread: None

Heap address: 0x0000000080000000, size: 2048 MB, Compressed Oops mode: 32-bit
Narrow klass base: 0x0000000000000000, Narrow klass shift: 3
Compressed class space size: 1073741824 Address: 0x0000000100000000

Heap:
 garbage-first heap   total 129024K, used 83143K [0x0000000080000000, 0x0000000100000000)
  region size 1024K, 25 young (25600K), 6 survivors (6144K)
 Metaspace       used 74758K, capacity 76538K, committed 76752K, reserved 1116160K
  class space    used 9678K, capacity 10303K, committed 10368K, reserved 1048576K
Heap Regions: E=young(eden), S=young(survivor), O=old, HS=humongous(starts), HC=humongous(continues), CS=collection set, F=free, A=archive, TAMS=top-at-mark-start (previous, next)
|   0|0x0000000080000000, 0x0000000080100000, 0x0000000080100000|100%|HS|  |TAMS 0x0000000080100000, 0x0000000080000000| Complete 
|   1|0x0000000080100000, 0x0000000080200000, 0x0000000080200000|100%|HC|  |TAMS 0x0000000080200000, 0x0000000080100000| Complete 
|   2|0x0000000080200000, 0x0000000080300000, 0x0000000080300000|100%|HC|  |TAMS 0x0000000080300000, 0x0000000080200000| Complete 
|   3|0x0000000080300000, 0x0000000080400000, 0x0000000080400000|100%| O|  |TAMS 0x0000000080400000, 0x0000000080300000| Untracked 
|   4|0x0000000080400000, 0x0000000080500000, 0x0000000080500000|100%| O|  |TAMS 0x0000000080500000, 0x0000000080400000| Untracked 
|   5|0x0000000080500000, 0x0000000080600000, 0x0000000080600000|100%| O|  |TAMS 0x0000000080600000, 0x0000000080500000| Untracked 
|   6|0x0000000080600000, 0x0000000080700000, 0x0000000080700000|100%| O|  |TAMS 0x0000000080700000, 0x0000000080600000| Untracked 
|   7|0x0000000080700000, 0x0000000080800000, 0x0000000080800000|100%| O|  |TAMS 0x0000000080800000, 0x0000000080700000| Untracked 
|   8|0x0000000080800000, 0x0000000080900000, 0x0000000080900000|100%| O|  |TAMS 0x0000000080900000, 0x0000000080800000| Untracked 
|   9|0x0000000080900000, 0x0000000080a00000, 0x0000000080a00000|100%| O|  |TAMS 0x0000000080a00000, 0x0000000080900000| Untracked 
|  10|0x0000000080a00000, 0x0000000080b00000, 0x0000000080b00000|100%| O|  |TAMS 0x0000000080b00000, 0x0000000080a00000| Untracked 
|  11|0x0000000080b00000, 0x0000000080c00000, 0x0000000080c00000|100%| O|  |TAMS 0x0000000080c00000, 0x0000000080b00000| Untracked 
|  12|0x0000000080c00000, 0x0000000080d00000, 0x0000000080d00000|100%| O|  |TAMS 0x0000000080d00000, 0x0000000080c00000| Untracked 
|  13|0x0000000080d00000, 0x0000000080e00000, 0x0000000080e00000|100%| O|  |TAMS 0x0000000080e00000, 0x0000000080d00000| Untracked 
|  14|0x0000000080e00000, 0x0000000080f00000, 0x0000000080f00000|100%| O|  |TAMS 0x0000000080f00000, 0x0000000080e00000| Untracked 
|  15|0x0000000080f00000, 0x0000000081000000, 0x0000000081000000|100%| O|  |TAMS 0x0000000081000000, 0x0000000080f00000| Untracked 
|  16|0x0000000081000000, 0x0000000081100000, 0x0000000081100000|100%| O|  |TAMS 0x0000000081100000, 0x0000000081000000| Untracked 
|  17|0x0000000081100000, 0x0000000081200000, 0x0000000081200000|100%|HS|  |TAMS 0x0000000081200000, 0x0000000081100000| Complete 
|  18|0x0000000081200000, 0x0000000081300000, 0x0000000081300000|100%| O|  |TAMS 0x0000000081300000, 0x0000000081200000| Untracked 
|  19|0x0000000081300000, 0x0000000081400000, 0x0000000081400000|100%| O|  |TAMS 0x0000000081400000, 0x0000000081300000| Untracked 
|  20|0x0000000081400000, 0x0000000081500000, 0x0000000081500000|100%| O|  |TAMS 0x0000000081500000, 0x0000000081400000| Untracked 
|  21|0x0000000081500000, 0x0000000081600000, 0x0000000081600000|100%| O|  |TAMS 0x0000000081600000, 0x0000000081500000| Untracked 
|  22|0x0000000081600000, 0x0000000081700000, 0x0000000081700000|100%| O|  |TAMS 0x0000000081700000, 0x0000000081600000| Untracked 
|  23|0x0000000081700000, 0x0000000081800000, 0x0000000081800000|100%| O|  |TAMS 0x0000000081800000, 0x0000000081700000| Untracked 
|  24|0x0000000081800000, 0x0000000081900000, 0x0000000081900000|100%| O|  |TAMS 0x0000000081900000, 0x0000000081800000| Untracked 
|  25|0x0000000081900000, 0x0000000081a00000, 0x0000000081a00000|100%| O|  |TAMS 0x0000000081a00000, 0x0000000081900000| Untracked 
|  26|0x0000000081a00000, 0x0000000081b00000, 0x0000000081b00000|100%| O|  |TAMS 0x0000000081b00000, 0x0000000081a00000| Untracked 
|  27|0x0000000081b00000, 0x0000000081c00000, 0x0000000081c00000|100%| O|  |TAMS 0x0000000081c00000, 0x0000000081b00000| Untracked 
|  28|0x0000000081c00000, 0x0000000081d00000, 0x0000000081d00000|100%|HS|  |TAMS 0x0000000081d00000, 0x0000000081c00000| Complete 
|  29|0x0000000081d00000, 0x0000000081e00000, 0x0000000081e00000|100%| O|  |TAMS 0x0000000081e00000, 0x0000000081d00000| Untracked 
|  30|0x0000000081e00000, 0x0000000081f00000, 0x0000000081f00000|100%|HS|  |TAMS 0x0000000081f00000, 0x0000000081e00000| Complete 
|  31|0x0000000081f00000, 0x0000000082000000, 0x0000000082000000|100%|HC|  |TAMS 0x0000000082000000, 0x0000000081f00000| Complete 
|  32|0x0000000082000000, 0x0000000082100000, 0x0000000082100000|100%| O|  |TAMS 0x0000000082100000, 0x0000000082000000| Untracked 
|  33|0x0000000082100000, 0x0000000082200000, 0x0000000082200000|100%| O|  |TAMS 0x0000000082200000, 0x0000000082100000| Untracked 
|  34|0x0000000082200000, 0x0000000082300000, 0x0000000082300000|100%| O|  |TAMS 0x0000000082300000, 0x0000000082200000| Untracked 
|  35|0x0000000082300000, 0x0000000082400000, 0x0000000082400000|100%| O|  |TAMS 0x0000000082400000, 0x0000000082300000| Untracked 
|  36|0x0000000082400000, 0x0000000082500000, 0x0000000082500000|100%| O|  |TAMS 0x0000000082500000, 0x0000000082400000| Untracked 
|  37|0x0000000082500000, 0x0000000082600000, 0x0000000082600000|100%| O|  |TAMS 0x0000000082600000, 0x0000000082500000| Untracked 
|  38|0x0000000082600000, 0x0000000082700000, 0x0000000082700000|100%| O|  |TAMS 0x0000000082700000, 0x0000000082600000| Untracked 
|  39|0x0000000082700000, 0x0000000082800000, 0x0000000082800000|100%| O|  |TAMS 0x0000000082800000, 0x0000000082700000| Untracked 
|  40|0x0000000082800000, 0x0000000082900000, 0x0000000082900000|100%| O|  |TAMS 0x0000000082900000, 0x0000000082800000| Untracked 
|  41|0x0000000082900000, 0x0000000082a00000, 0x0000000082a00000|100%| O|  |TAMS 0x0000000082a00000, 0x0000000082900000| Untracked 
|  42|0x0000000082a00000, 0x0000000082b00000, 0x0000000082b00000|100%| O|  |TAMS 0x0000000082b00000, 0x0000000082a00000| Untracked 
|  43|0x0000000082b00000, 0x0000000082c00000, 0x0000000082c00000|100%| O|  |TAMS 0x0000000082bcea00, 0x0000000082b00000| Untracked 
|  44|0x0000000082c00000, 0x0000000082d00000, 0x0000000082d00000|100%| O|  |TAMS 0x0000000082c00000, 0x0000000082c00000| Untracked 
|  45|0x0000000082d00000, 0x0000000082e00000, 0x0000000082e00000|100%| O|  |TAMS 0x0000000082d00000, 0x0000000082d00000| Untracked 
|  46|0x0000000082e00000, 0x0000000082f00000, 0x0000000082f00000|100%| O|  |TAMS 0x0000000082e00000, 0x0000000082e00000| Untracked 
|  47|0x0000000082f00000, 0x0000000083000000, 0x0000000083000000|100%| O|  |TAMS 0x0000000082f00000, 0x0000000082f00000| Untracked 
|  48|0x0000000083000000, 0x0000000083100000, 0x0000000083100000|100%| O|  |TAMS 0x0000000083000000, 0x0000000083000000| Untracked 
|  49|0x0000000083100000, 0x0000000083200000, 0x0000000083200000|100%| O|  |TAMS 0x0000000083100000, 0x0000000083100000| Untracked 
|  50|0x0000000083200000, 0x0000000083300000, 0x0000000083300000|100%| O|  |TAMS 0x0000000083200000, 0x0000000083200000| Untracked 
|  51|0x0000000083300000, 0x0000000083400000, 0x0000000083400000|100%| O|  |TAMS 0x0000000083300000, 0x0000000083300000| Untracked 
|  52|0x0000000083400000, 0x0000000083500000, 0x0000000083500000|100%| O|  |TAMS 0x0000000083400000, 0x0000000083400000| Untracked 
|  53|0x0000000083500000, 0x0000000083600000, 0x0000000083600000|100%| O|  |TAMS 0x0000000083500000, 0x0000000083500000| Untracked 
|  54|0x0000000083600000, 0x0000000083700000, 0x0000000083700000|100%| O|  |TAMS 0x0000000083600000, 0x0000000083600000| Untracked 
|  55|0x0000000083700000, 0x0000000083800000, 0x0000000083800000|100%| O|  |TAMS 0x0000000083700000, 0x0000000083700000| Untracked 
|  56|0x0000000083800000, 0x0000000083900000, 0x0000000083900000|100%| O|  |TAMS 0x0000000083800000, 0x0000000083800000| Untracked 
|  57|0x0000000083900000, 0x0000000083931e00, 0x0000000083a00000| 19%| O|  |TAMS 0x0000000083900000, 0x0000000083900000| Untracked 
|  58|0x0000000083a00000, 0x0000000083a00000, 0x0000000083b00000|  0%| F|  |TAMS 0x0000000083a00000, 0x0000000083a00000| Untracked 
|  59|0x0000000083b00000, 0x0000000083b00000, 0x0000000083c00000|  0%| F|  |TAMS 0x0000000083b00000, 0x0000000083b00000| Untracked 
|  60|0x0000000083c00000, 0x0000000083c00000, 0x0000000083d00000|  0%| F|  |TAMS 0x0000000083c00000, 0x0000000083c00000| Untracked 
|  61|0x0000000083d00000, 0x0000000083d00000, 0x0000000083e00000|  0%| F|  |TAMS 0x0000000083d00000, 0x0000000083d00000| Untracked 
|  62|0x0000000083e00000, 0x0000000083e00000, 0x0000000083f00000|  0%| F|  |TAMS 0x0000000083e00000, 0x0000000083e00000| Untracked 
|  63|0x0000000083f00000, 0x0000000083f00000, 0x0000000084000000|  0%| F|  |TAMS 0x0000000083f00000, 0x0000000083f00000| Untracked 
|  64|0x0000000084000000, 0x0000000084000000, 0x0000000084100000|  0%| F|  |TAMS 0x0000000084000000, 0x0000000084000000| Untracked 
|  65|0x0000000084100000, 0x0000000084100000, 0x0000000084200000|  0%| F|  |TAMS 0x0000000084100000, 0x0000000084100000| Untracked 
|  66|0x0000000084200000, 0x0000000084200000, 0x0000000084300000|  0%| F|  |TAMS 0x0000000084200000, 0x0000000084200000| Untracked 
|  67|0x0000000084300000, 0x0000000084300000, 0x0000000084400000|  0%| F|  |TAMS 0x0000000084300000, 0x0000000084300000| Untracked 
|  68|0x0000000084400000, 0x0000000084400000, 0x0000000084500000|  0%| F|  |TAMS 0x0000000084400000, 0x0000000084400000| Untracked 
|  69|0x0000000084500000, 0x0000000084500000, 0x0000000084600000|  0%| F|  |TAMS 0x0000000084500000, 0x0000000084500000| Untracked 
|  70|0x0000000084600000, 0x0000000084600000, 0x0000000084700000|  0%| F|  |TAMS 0x0000000084600000, 0x0000000084600000| Untracked 
|  71|0x0000000084700000, 0x0000000084700000, 0x0000000084800000|  0%| F|  |TAMS 0x0000000084700000, 0x0000000084700000| Untracked 
|  72|0x0000000084800000, 0x0000000084900000, 0x0000000084900000|100%| S|CS|TAMS 0x0000000084800000, 0x0000000084800000| Complete 
|  73|0x0000000084900000, 0x0000000084a00000, 0x0000000084a00000|100%| S|CS|TAMS 0x0000000084900000, 0x0000000084900000| Complete 
|  74|0x0000000084a00000, 0x0000000084a00000, 0x0000000084b00000|  0%| F|  |TAMS 0x0000000084a00000, 0x0000000084a00000| Untracked 
|  75|0x0000000084b00000, 0x0000000084b00000, 0x0000000084c00000|  0%| F|  |TAMS 0x0000000084b00000, 0x0000000084b00000| Untracked 
|  76|0x0000000084c00000, 0x0000000084c00000, 0x0000000084d00000|  0%| F|  |TAMS 0x0000000084c00000, 0x0000000084c00000| Untracked 
|  77|0x0000000084d00000, 0x0000000084e00000, 0x0000000084e00000|100%| S|CS|TAMS 0x0000000084d00000, 0x0000000084d00000| Complete 
|  78|0x0000000084e00000, 0x0000000084f00000, 0x0000000084f00000|100%| S|CS|TAMS 0x0000000084e00000, 0x0000000084e00000| Complete 
|  79|0x0000000084f00000, 0x0000000085000000, 0x0000000085000000|100%| S|CS|TAMS 0x0000000084f00000, 0x0000000084f00000| Complete 
|  80|0x0000000085000000, 0x0000000085000000, 0x0000000085100000|  0%| F|  |TAMS 0x0000000085000000, 0x0000000085000000| Untracked 
|  81|0x0000000085100000, 0x0000000085100000, 0x0000000085200000|  0%| F|  |TAMS 0x0000000085100000, 0x0000000085100000| Untracked 
|  82|0x0000000085200000, 0x0000000085200000, 0x0000000085300000|  0%| F|  |TAMS 0x0000000085200000, 0x0000000085200000| Untracked 
|  83|0x0000000085300000, 0x0000000085400000, 0x0000000085400000|100%| S|CS|TAMS 0x0000000085300000, 0x0000000085300000| Complete 
|  84|0x0000000085400000, 0x0000000085400000, 0x0000000085500000|  0%| F|  |TAMS 0x0000000085400000, 0x0000000085400000| Untracked 
|  85|0x0000000085500000, 0x0000000085500000, 0x0000000085600000|  0%| F|  |TAMS 0x0000000085500000, 0x0000000085500000| Untracked 
|  86|0x0000000085600000, 0x0000000085600000, 0x0000000085700000|  0%| F|  |TAMS 0x0000000085600000, 0x0000000085600000| Untracked 
|  87|0x0000000085700000, 0x0000000085700000, 0x0000000085800000|  0%| F|  |TAMS 0x0000000085700000, 0x0000000085700000| Untracked 
|  88|0x0000000085800000, 0x0000000085800000, 0x0000000085900000|  0%| F|  |TAMS 0x0000000085800000, 0x0000000085800000| Untracked 
|  89|0x0000000085900000, 0x0000000085900000, 0x0000000085a00000|  0%| F|  |TAMS 0x0000000085900000, 0x0000000085900000| Untracked 
|  90|0x0000000085a00000, 0x0000000085a00000, 0x0000000085b00000|  0%| F|  |TAMS 0x0000000085a00000, 0x0000000085a00000| Untracked 
|  91|0x0000000085b00000, 0x0000000085b00000, 0x0000000085c00000|  0%| F|  |TAMS 0x0000000085b00000, 0x0000000085b00000| Untracked 
|  92|0x0000000085c00000, 0x0000000085c00000, 0x0000000085d00000|  0%| F|  |TAMS 0x0000000085c00000, 0x0000000085c00000| Untracked 
|  93|0x0000000085d00000, 0x0000000085d00000, 0x0000000085e00000|  0%| F|  |TAMS 0x0000000085d00000, 0x0000000085d00000| Untracked 
|  94|0x0000000085e00000, 0x0000000085e00000, 0x0000000085f00000|  0%| F|  |TAMS 0x0000000085e00000, 0x0000000085e00000| Untracked 
|  95|0x0000000085f00000, 0x0000000085f00000, 0x0000000086000000|  0%| F|  |TAMS 0x0000000085f00000, 0x0000000085f00000| Untracked 
|  96|0x0000000086000000, 0x0000000086000000, 0x0000000086100000|  0%| F|  |TAMS 0x0000000086000000, 0x0000000086000000| Untracked 
|  97|0x0000000086100000, 0x0000000086100000, 0x0000000086200000|  0%| F|  |TAMS 0x0000000086100000, 0x0000000086100000| Untracked 
|  98|0x0000000086200000, 0x0000000086200000, 0x0000000086300000|  0%| F|  |TAMS 0x0000000086200000, 0x0000000086200000| Untracked 
|  99|0x0000000086300000, 0x0000000086300000, 0x0000000086400000|  0%| F|  |TAMS 0x0000000086300000, 0x0000000086300000| Untracked 
| 100|0x0000000086400000, 0x0000000086400000, 0x0000000086500000|  0%| F|  |TAMS 0x0000000086400000, 0x0000000086400000| Untracked 
| 101|0x0000000086500000, 0x0000000086500000, 0x0000000086600000|  0%| F|  |TAMS 0x0000000086500000, 0x0000000086500000| Untracked 
| 102|0x0000000086600000, 0x0000000086600000, 0x0000000086700000|  0%| F|  |TAMS 0x0000000086600000, 0x0000000086600000| Untracked 
| 103|0x0000000086700000, 0x0000000086700000, 0x0000000086800000|  0%| F|  |TAMS 0x0000000086700000, 0x0000000086700000| Untracked 
| 104|0x0000000086800000, 0x0000000086800000, 0x0000000086900000|  0%| F|  |TAMS 0x0000000086800000, 0x0000000086800000| Untracked 
| 105|0x0000000086900000, 0x0000000086900000, 0x0000000086a00000|  0%| F|  |TAMS 0x0000000086900000, 0x0000000086900000| Untracked 
| 106|0x0000000086a00000, 0x0000000086a00000, 0x0000000086b00000|  0%| F|  |TAMS 0x0000000086a00000, 0x0000000086a00000| Untracked 
| 107|0x0000000086b00000, 0x0000000086c00000, 0x0000000086c00000|100%| E|  |TAMS 0x0000000086b00000, 0x0000000086b00000| Complete 
| 108|0x0000000086c00000, 0x0000000086d00000, 0x0000000086d00000|100%| E|CS|TAMS 0x0000000086c00000, 0x0000000086c00000| Complete 
| 109|0x0000000086d00000, 0x0000000086e00000, 0x0000000086e00000|100%| E|CS|TAMS 0x0000000086d00000, 0x0000000086d00000| Complete 
| 110|0x0000000086e00000, 0x0000000086f00000, 0x0000000086f00000|100%| E|CS|TAMS 0x0000000086e00000, 0x0000000086e00000| Complete 
| 111|0x0000000086f00000, 0x0000000087000000, 0x0000000087000000|100%| E|CS|TAMS 0x0000000086f00000, 0x0000000086f00000| Complete 
| 112|0x0000000087000000, 0x0000000087100000, 0x0000000087100000|100%| E|CS|TAMS 0x0000000087000000, 0x0000000087000000| Complete 
| 113|0x0000000087100000, 0x0000000087200000, 0x0000000087200000|100%| E|CS|TAMS 0x0000000087100000, 0x0000000087100000| Complete 
| 114|0x0000000087200000, 0x0000000087300000, 0x0000000087300000|100%| E|CS|TAMS 0x0000000087200000, 0x0000000087200000| Complete 
| 115|0x0000000087300000, 0x0000000087400000, 0x0000000087400000|100%| E|CS|TAMS 0x0000000087300000, 0x0000000087300000| Complete 
| 116|0x0000000087400000, 0x0000000087500000, 0x0000000087500000|100%| E|CS|TAMS 0x0000000087400000, 0x0000000087400000| Complete 
| 117|0x0000000087500000, 0x0000000087600000, 0x0000000087600000|100%| E|CS|TAMS 0x0000000087500000, 0x0000000087500000| Complete 
| 118|0x0000000087600000, 0x0000000087700000, 0x0000000087700000|100%| E|CS|TAMS 0x0000000087600000, 0x0000000087600000| Complete 
| 119|0x0000000087700000, 0x0000000087800000, 0x0000000087800000|100%| E|CS|TAMS 0x0000000087700000, 0x0000000087700000| Complete 
| 120|0x0000000087800000, 0x0000000087900000, 0x0000000087900000|100%| E|CS|TAMS 0x0000000087800000, 0x0000000087800000| Complete 
| 121|0x0000000087900000, 0x0000000087a00000, 0x0000000087a00000|100%| E|CS|TAMS 0x0000000087900000, 0x0000000087900000| Complete 
| 122|0x0000000087a00000, 0x0000000087b00000, 0x0000000087b00000|100%| E|CS|TAMS 0x0000000087a00000, 0x0000000087a00000| Complete 
| 123|0x0000000087b00000, 0x0000000087c00000, 0x0000000087c00000|100%| E|CS|TAMS 0x0000000087b00000, 0x0000000087b00000| Complete 
| 124|0x0000000087c00000, 0x0000000087d00000, 0x0000000087d00000|100%| E|CS|TAMS 0x0000000087c00000, 0x0000000087c00000| Complete 
| 125|0x0000000087d00000, 0x0000000087e00000, 0x0000000087e00000|100%| E|CS|TAMS 0x0000000087d00000, 0x0000000087d00000| Complete 

Card table byte_map: [0x000001bcfd2c0000,0x000001bcfd6c0000] _byte_map_base: 0x000001bcfcec0000

Marking Bits (Prev, Next): (CMBitMap*) 0x000001bcea3e9ad0, (CMBitMap*) 0x000001bcea3e9a98
 Prev Bits: [0x000001bc80000000, 0x000001bc82000000)
 Next Bits: [0x000001bcfdac0000, 0x000001bcffac0000)

Polling page: 0x000001bce9b80000

Metaspace:

Usage:
  Non-class:     64.75 MB capacity,    63.58 MB ( 98%) used,  1010.21 KB (  2%) free+waste,   185.19 KB ( <1%) overhead. 
      Class:     10.09 MB capacity,     9.45 MB ( 94%) used,   568.83 KB (  6%) free+waste,    85.31 KB ( <1%) overhead. 
       Both:     74.84 MB capacity,    73.03 MB ( 98%) used,     1.54 MB (  2%) free+waste,   270.50 KB ( <1%) overhead. 

Virtual space:
  Non-class space:       66.00 MB reserved,      64.83 MB ( 98%) committed 
      Class space:        1.00 GB reserved,      10.13 MB ( <1%) committed 
             Both:        1.06 GB reserved,      74.95 MB (  7%) committed 

Chunk freelists:
   Non-Class:  21.00 KB
       Class:  1.00 KB
        Both:  22.00 KB

MaxMetaspaceSize: 17179869184.00 GB
CompressedClassSpaceSize: 1.00 GB
Initial GC threshold: 20.80 MB
Current GC threshold: 98.46 MB
CDS: off

CodeHeap 'non-profiled nmethods': size=120064Kb used=4513Kb max_used=4513Kb free=115550Kb
 bounds [0x000001bcf5980000, 0x000001bcf5df0000, 0x000001bcfcec0000]
CodeHeap 'profiled nmethods': size=120000Kb used=16098Kb max_used=16098Kb free=103901Kb
 bounds [0x000001bcee450000, 0x000001bcef410000, 0x000001bcf5980000]
CodeHeap 'non-nmethods': size=5696Kb used=2361Kb max_used=2408Kb free=3335Kb
 bounds [0x000001bcedec0000, 0x000001bcee130000, 0x000001bcee450000]
 total_blobs=8390 nmethods=7523 adapters=779
 compilation: enabled
              stopped_count=0, restarted_count=0
 full_count=0

Compilation events (20 events):
Event: 33.912 Thread 0x000001bcfffd1000 7542       3       org.gradle.internal.instantiation.generator.AsmBackedClassGenerator::createUsingConstructor (13 bytes)
Event: 33.912 Thread 0x000001bcfffd1000 nmethod 7542 0x000001bcef403e10 code [0x000001bcef403fe0, 0x000001bcef404338]
Event: 33.912 Thread 0x000001bcfffd1000 7543       3       com.google.common.collect.Maps::newLinkedHashMapWithExpectedSize (12 bytes)
Event: 33.913 Thread 0x000001bcfffd1000 nmethod 7543 0x000001bcef404490 code [0x000001bcef4046c0, 0x000001bcef404a98]
Event: 33.944 Thread 0x000001bcfffcd000 nmethod 7210 0x000001bcf5de4310 code [0x000001bcf5de4620, 0x000001bcf5de67f8]
Event: 33.944 Thread 0x000001bcfffcd000 7498       4       org.gradle.internal.instantiation.generator.AbstractClassGenerator::inspectType (560 bytes)
Event: 33.963 Thread 0x000001bcfffd1000 7544       3       jdk.internal.loader.AbstractClassLoaderValue::sub (10 bytes)
Event: 33.963 Thread 0x000001bcfffd1000 nmethod 7544 0x000001bcef404c10 code [0x000001bcef404de0, 0x000001bcef405118]
Event: 33.963 Thread 0x000001bcfffd1000 7545       3       jdk.internal.loader.AbstractClassLoaderValue$Sub::<init> (15 bytes)
Event: 33.964 Thread 0x000001bcfffd1000 nmethod 7545 0x000001bcef405290 code [0x000001bcef405460, 0x000001bcef4056d8]
Event: 33.974 Thread 0x000001bcfffd1000 7546       3       java.util.regex.Matcher::find (35 bytes)
Event: 33.974 Thread 0x000001bcfffd1000 nmethod 7546 0x000001bcef405790 code [0x000001bcef405980, 0x000001bcef405d58]
Event: 33.982 Thread 0x000001bcfffd1000 7547       3       java.util.regex.Pattern$BranchConn::match (11 bytes)
Event: 33.982 Thread 0x000001bcfffd1000 nmethod 7547 0x000001bcef405f10 code [0x000001bcef4060c0, 0x000001bcef406288]
Event: 33.987 Thread 0x000001bcfffd1000 7548       3       java.util.Formatter$FixedString::<init> (26 bytes)
Event: 33.987 Thread 0x000001bcfffd1000 nmethod 7548 0x000001bcef406390 code [0x000001bcef406540, 0x000001bcef406758]
Event: 33.987 Thread 0x000001bcfffd1000 7549       3       java.util.Formatter$FixedString::print (26 bytes)
Event: 33.987 Thread 0x000001bcfffd1000 nmethod 7549 0x000001bcef406810 code [0x000001bcef4069c0, 0x000001bcef406b88]
Event: 33.987 Thread 0x000001bcfffd1000 7550       3       java.lang.StringBuilder::append (8 bytes)
Event: 33.987 Thread 0x000001bcfffd1000 nmethod 7550 0x000001bcef406c90 code [0x000001bcef406e60, 0x000001bcef407008]

GC Heap History (20 events):
Event: 21.210 GC heap before
{Heap before GC invocations=7 (full 0):
 garbage-first heap   total 129024K, used 94158K [0x0000000080000000, 0x0000000100000000)
  region size 1024K, 74 young (75776K), 6 survivors (6144K)
 Metaspace       used 40664K, capacity 41621K, committed 41680K, reserved 1085440K
  class space    used 5111K, capacity 5453K, committed 5504K, reserved 1048576K
}
Event: 21.223 GC heap after
{Heap after GC invocations=8 (full 0):
 garbage-first heap   total 129024K, used 28923K [0x0000000080000000, 0x0000000100000000)
  region size 1024K, 10 young (10240K), 10 survivors (10240K)
 Metaspace       used 40664K, capacity 41621K, committed 41680K, reserved 1085440K
  class space    used 5111K, capacity 5453K, committed 5504K, reserved 1048576K
}
Event: 23.729 GC heap before
{Heap before GC invocations=8 (full 0):
 garbage-first heap   total 129024K, used 93435K [0x0000000080000000, 0x0000000100000000)
  region size 1024K, 73 young (74752K), 10 survivors (10240K)
 Metaspace       used 46273K, capacity 47459K, committed 47568K, reserved 1091584K
  class space    used 5860K, capacity 6263K, committed 6272K, reserved 1048576K
}
Event: 23.745 GC heap after
{Heap after GC invocations=9 (full 0):
 garbage-first heap   total 129024K, used 29743K [0x0000000080000000, 0x0000000100000000)
  region size 1024K, 3 young (3072K), 3 survivors (3072K)
 Metaspace       used 46273K, capacity 47459K, committed 47568K, reserved 1091584K
  class space    used 5860K, capacity 6263K, committed 6272K, reserved 1048576K
}
Event: 27.495 GC heap before
{Heap before GC invocations=9 (full 0):
 garbage-first heap   total 129024K, used 100399K [0x0000000080000000, 0x0000000100000000)
  region size 1024K, 68 young (69632K), 3 survivors (3072K)
 Metaspace       used 49329K, capacity 50677K, committed 50896K, reserved 1093632K
  class space    used 6215K, capacity 6679K, committed 6784K, reserved 1048576K
}
Event: 27.505 GC heap after
{Heap after GC invocations=10 (full 0):
 garbage-first heap   total 129024K, used 44683K [0x0000000080000000, 0x0000000100000000)
  region size 1024K, 9 young (9216K), 9 survivors (9216K)
 Metaspace       used 49329K, capacity 50677K, committed 50896K, reserved 1093632K
  class space    used 6215K, capacity 6679K, committed 6784K, reserved 1048576K
}
Event: 29.180 GC heap before
{Heap before GC invocations=10 (full 0):
 garbage-first heap   total 129024K, used 97931K [0x0000000080000000, 0x0000000100000000)
  region size 1024K, 61 young (62464K), 9 survivors (9216K)
 Metaspace       used 56944K, capacity 58336K, committed 58448K, reserved 1099776K
  class space    used 7109K, capacity 7628K, committed 7680K, reserved 1048576K
}
Event: 29.189 GC heap after
{Heap after GC invocations=11 (full 0):
 garbage-first heap   total 129024K, used 47186K [0x0000000080000000, 0x0000000100000000)
  region size 1024K, 3 young (3072K), 3 survivors (3072K)
 Metaspace       used 56944K, capacity 58336K, committed 58448K, reserved 1099776K
  class space    used 7109K, capacity 7628K, committed 7680K, reserved 1048576K
}
Event: 29.496 GC heap before
{Heap before GC invocations=11 (full 0):
 garbage-first heap   total 129024K, used 57426K [0x0000000080000000, 0x0000000100000000)
  region size 1024K, 14 young (14336K), 3 survivors (3072K)
 Metaspace       used 58721K, capacity 60201K, committed 60240K, reserved 1101824K
  class space    used 7367K, capacity 7909K, committed 7936K, reserved 1048576K
}
Event: 29.501 GC heap after
{Heap after GC invocations=12 (full 0):
 garbage-first heap   total 129024K, used 47580K [0x0000000080000000, 0x0000000100000000)
  region size 1024K, 3 young (3072K), 3 survivors (3072K)
 Metaspace       used 58721K, capacity 60201K, committed 60240K, reserved 1101824K
  class space    used 7367K, capacity 7909K, committed 7936K, reserved 1048576K
}
Event: 30.471 GC heap before
{Heap before GC invocations=13 (full 0):
 garbage-first heap   total 129024K, used 107996K [0x0000000080000000, 0x0000000100000000)
  region size 1024K, 55 young (56320K), 3 survivors (3072K)
 Metaspace       used 63054K, capacity 64571K, committed 64592K, reserved 1105920K
  class space    used 7901K, capacity 8441K, committed 8448K, reserved 1048576K
}
Event: 30.480 GC heap after
{Heap after GC invocations=14 (full 0):
 garbage-first heap   total 129024K, used 51978K [0x0000000080000000, 0x0000000100000000)
  region size 1024K, 7 young (7168K), 7 survivors (7168K)
 Metaspace       used 63054K, capacity 64571K, committed 64592K, reserved 1105920K
  class space    used 7901K, capacity 8441K, committed 8448K, reserved 1048576K
}
Event: 31.263 GC heap before
{Heap before GC invocations=14 (full 0):
 garbage-first heap   total 129024K, used 103178K [0x0000000080000000, 0x0000000100000000)
  region size 1024K, 56 young (57344K), 7 survivors (7168K)
 Metaspace       used 65519K, capacity 66994K, committed 67280K, reserved 1107968K
  class space    used 8246K, capacity 8787K, committed 8832K, reserved 1048576K
}
Event: 31.273 GC heap after
{Heap after GC invocations=15 (full 0):
 garbage-first heap   total 129024K, used 55879K [0x0000000080000000, 0x0000000100000000)
  region size 1024K, 4 young (4096K), 4 survivors (4096K)
 Metaspace       used 65519K, capacity 66994K, committed 67280K, reserved 1107968K
  class space    used 8246K, capacity 8787K, committed 8832K, reserved 1048576K
}
Event: 31.944 GC heap before
{Heap before GC invocations=15 (full 0):
 garbage-first heap   total 129024K, used 102983K [0x0000000080000000, 0x0000000100000000)
  region size 1024K, 50 young (51200K), 4 survivors (4096K)
 Metaspace       used 67367K, capacity 68974K, committed 69072K, reserved 1110016K
  class space    used 8482K, capacity 9082K, committed 9088K, reserved 1048576K
}
Event: 31.953 GC heap after
{Heap after GC invocations=16 (full 0):
 garbage-first heap   total 129024K, used 59079K [0x0000000080000000, 0x0000000100000000)
  region size 1024K, 4 young (4096K), 4 survivors (4096K)
 Metaspace       used 67367K, capacity 68974K, committed 69072K, reserved 1110016K
  class space    used 8482K, capacity 9082K, committed 9088K, reserved 1048576K
}
Event: 33.109 GC heap before
{Heap before GC invocations=16 (full 0):
 garbage-first heap   total 129024K, used 103111K [0x0000000080000000, 0x0000000100000000)
  region size 1024K, 47 young (48128K), 4 survivors (4096K)
 Metaspace       used 71448K, capacity 73153K, committed 73424K, reserved 1114112K
  class space    used 9182K, capacity 9805K, committed 9856K, reserved 1048576K
}
Event: 33.116 GC heap after
{Heap after GC invocations=17 (full 0):
 garbage-first heap   total 129024K, used 61562K [0x0000000080000000, 0x0000000100000000)
  region size 1024K, 6 young (6144K), 6 survivors (6144K)
 Metaspace       used 71448K, capacity 73153K, committed 73424K, reserved 1114112K
  class space    used 9182K, capacity 9805K, committed 9856K, reserved 1048576K
}
Event: 33.715 GC heap before
{Heap before GC invocations=17 (full 0):
 garbage-first heap   total 129024K, used 104570K [0x0000000080000000, 0x0000000100000000)
  region size 1024K, 48 young (49152K), 6 survivors (6144K)
 Metaspace       used 73201K, capacity 74954K, committed 75216K, reserved 1114112K
  class space    used 9452K, capacity 10058K, committed 10112K, reserved 1048576K
}
Event: 33.725 GC heap after
{Heap after GC invocations=18 (full 0):
 garbage-first heap   total 129024K, used 64711K [0x0000000080000000, 0x0000000100000000)
  region size 1024K, 6 young (6144K), 6 survivors (6144K)
 Metaspace       used 73201K, capacity 74954K, committed 75216K, reserved 1114112K
  class space    used 9452K, capacity 10058K, committed 10112K, reserved 1048576K
}

Deoptimization events (20 events):
Event: 33.758 Thread 0x000001bc8757e000 Uncommon trap: trap_request=0xffffff4d fr.pc=0x000001bcf5d33fc4 relative=0x0000000000000284
Event: 33.758 Thread 0x000001bc8757e000 Uncommon trap: reason=unstable_if action=reinterpret pc=0x000001bcf5d33fc4 method=java.util.HashMap.getNode(ILjava/lang/Object;)Ljava/util/HashMap$Node; @ 84 c2
Event: 33.758 Thread 0x000001bc8757e000 DEOPT PACKING pc=0x000001bcf5d33fc4 sp=0x00000039337f8b00
Event: 33.758 Thread 0x000001bc8757e000 DEOPT UNPACKING pc=0x000001bcedec85af sp=0x00000039337f8a20 mode 2
Event: 33.758 Thread 0x000001bc8757e000 Uncommon trap: trap_request=0xffffff4d fr.pc=0x000001bcf5c3296c relative=0x00000000000001ac
Event: 33.758 Thread 0x000001bc8757e000 Uncommon trap: reason=unstable_if action=reinterpret pc=0x000001bcf5c3296c method=java.util.HashMap.getNode(ILjava/lang/Object;)Ljava/util/HashMap$Node; @ 84 c2
Event: 33.758 Thread 0x000001bc8757e000 DEOPT PACKING pc=0x000001bcf5c3296c sp=0x00000039337f8aa0
Event: 33.758 Thread 0x000001bc8757e000 DEOPT UNPACKING pc=0x000001bcedec85af sp=0x00000039337f8a28 mode 2
Event: 33.769 Thread 0x000001bc8757e000 DEOPT PACKING pc=0x000001bcef07bdac sp=0x00000039337f8d50
Event: 33.769 Thread 0x000001bc8757e000 DEOPT UNPACKING pc=0x000001bcedf09d0e sp=0x00000039337f82f0 mode 0
Event: 33.873 Thread 0x000001bc8757e000 DEOPT PACKING pc=0x000001bcef07bcd6 sp=0x00000039337f8b50
Event: 33.873 Thread 0x000001bc8757e000 DEOPT UNPACKING pc=0x000001bcedf09d0e sp=0x00000039337f80f0 mode 0
Event: 33.874 Thread 0x000001bc8757e000 Uncommon trap: trap_request=0xffffff4d fr.pc=0x000001bcf5db2c08 relative=0x0000000000001948
Event: 33.874 Thread 0x000001bc8757e000 Uncommon trap: reason=unstable_if action=reinterpret pc=0x000001bcf5db2c08 method=org.gradle.internal.instantiation.generator.AbstractClassGenerator$ExtensibleTypePropertyHandler.unclaimed(Lorg/gradle/internal/instantiation/generator/AbstractClassGenerato
Event: 33.874 Thread 0x000001bc8757e000 DEOPT PACKING pc=0x000001bcf5db2c08 sp=0x00000039337f8bd0
Event: 33.874 Thread 0x000001bc8757e000 DEOPT UNPACKING pc=0x000001bcedec85af sp=0x00000039337f8b80 mode 2
Event: 33.987 Thread 0x000001bc8757e000 Uncommon trap: trap_request=0xffffff4d fr.pc=0x000001bcf5c521e0 relative=0x0000000000001b40
Event: 33.988 Thread 0x000001bc8757e000 Uncommon trap: reason=unstable_if action=reinterpret pc=0x000001bcf5c521e0 method=sun.nio.fs.WindowsPathParser.normalize(Ljava/lang/StringBuilder;Ljava/lang/String;I)Ljava/lang/String; @ 172 c2
Event: 33.988 Thread 0x000001bc8757e000 DEOPT PACKING pc=0x000001bcf5c521e0 sp=0x00000039337f8950
Event: 33.988 Thread 0x000001bc8757e000 DEOPT UNPACKING pc=0x000001bcedec85af sp=0x00000039337f8940 mode 2

Classes redefined (0 events):
No events

Internal exceptions (20 events):
Event: 33.344 Thread 0x000001bc8757e000 Exception <a 'java/lang/ClassNotFoundException'{0x0000000086d79fb8}: com/google/android/gms/dependencies/DependencyInspectorCustomizer> (0x0000000086d79fb8) thrown at [./src/hotspot/share/classfile/systemDictionary.cpp, line 231]
Event: 33.354 Thread 0x000001bc8757e000 Exception <a 'java/lang/ClassNotFoundException'{0x0000000086a19920}: org/gradle/api/internal/artifacts/configurations/DefaultConfigurationContainer_DecoratedBeanInfo> (0x0000000086a19920) thrown at [./src/hotspot/share/classfile/systemDictionary.cpp, line 231]
Event: 33.355 Thread 0x000001bc8757e000 Exception <a 'java/lang/ClassNotFoundException'{0x0000000086a47eb0}: org/gradle/api/internal/artifacts/configurations/DefaultConfigurationContainerBeanInfo> (0x0000000086a47eb0) thrown at [./src/hotspot/share/classfile/systemDictionary.cpp, line 231]
Event: 33.355 Thread 0x000001bc8757e000 Exception <a 'java/lang/ClassNotFoundException'{0x0000000086a64290}: org/gradle/api/internal/AbstractValidatingNamedDomainObjectContainerBeanInfo> (0x0000000086a64290) thrown at [./src/hotspot/share/classfile/systemDictionary.cpp, line 231]
Event: 33.356 Thread 0x000001bc8757e000 Exception <a 'java/lang/ClassNotFoundException'{0x0000000086a80af8}: org/gradle/api/internal/AbstractValidatingNamedDomainObjectContainerCustomizer> (0x0000000086a80af8) thrown at [./src/hotspot/share/classfile/systemDictionary.cpp, line 231]
Event: 33.357 Thread 0x000001bc8757e000 Exception <a 'java/lang/ClassNotFoundException'{0x0000000086ab9f50}: org/gradle/api/internal/artifacts/configurations/DefaultConfigurationContainerCustomizer> (0x0000000086ab9f50) thrown at [./src/hotspot/share/classfile/systemDictionary.cpp, line 231]
Event: 33.358 Thread 0x000001bc8757e000 Exception <a 'java/lang/ClassNotFoundException'{0x0000000086afea00}: org/gradle/api/internal/artifacts/configurations/DefaultConfigurationContainer_DecoratedCustomizer> (0x0000000086afea00) thrown at [./src/hotspot/share/classfile/systemDictionary.cpp, line 231]
Event: 33.368 Thread 0x000001bc8757e000 Exception <a 'java/lang/ClassNotFoundException'{0x0000000086790938}: org/gradle/api/internal/artifacts/configurations/DefaultConfiguration_DecoratedBeanInfo> (0x0000000086790938) thrown at [./src/hotspot/share/classfile/systemDictionary.cpp, line 231]
Event: 33.370 Thread 0x000001bc8757e000 Exception <a 'java/lang/ClassNotFoundException'{0x00000000867bde00}: org/gradle/api/internal/artifacts/configurations/DefaultConfigurationBeanInfo> (0x00000000867bde00) thrown at [./src/hotspot/share/classfile/systemDictionary.cpp, line 231]
Event: 33.372 Thread 0x000001bc8757e000 Exception <a 'java/lang/ClassNotFoundException'{0x00000000867d8e20}: org/gradle/api/internal/file/AbstractFileCollectionBeanInfo> (0x00000000867d8e20) thrown at [./src/hotspot/share/classfile/systemDictionary.cpp, line 231]
Event: 33.373 Thread 0x000001bc8757e000 Exception <a 'java/lang/ClassNotFoundException'{0x00000000867f3e90}: org/gradle/api/internal/file/AbstractFileCollectionCustomizer> (0x00000000867f3e90) thrown at [./src/hotspot/share/classfile/systemDictionary.cpp, line 231]
Event: 33.374 Thread 0x000001bc8757e000 Exception <a 'java/lang/ClassNotFoundException'{0x0000000086633a18}: org/gradle/api/internal/artifacts/configurations/DefaultConfigurationCustomizer> (0x0000000086633a18) thrown at [./src/hotspot/share/classfile/systemDictionary.cpp, line 231]
Event: 33.382 Thread 0x000001bc8757e000 Exception <a 'java/lang/ClassNotFoundException'{0x00000000866c4450}: org/gradle/api/internal/artifacts/configurations/DefaultConfiguration_DecoratedCustomizer> (0x00000000866c4450) thrown at [./src/hotspot/share/classfile/systemDictionary.cpp, line 231]
Event: 33.395 Thread 0x000001bc8757e000 Exception <a 'java/lang/ClassNotFoundException'{0x0000000086351f50}: org/codehaus/groovy/runtime/MethodClosureBeanInfo> (0x0000000086351f50) thrown at [./src/hotspot/share/classfile/systemDictionary.cpp, line 231]
Event: 33.398 Thread 0x000001bc8757e000 Exception <a 'java/lang/ClassNotFoundException'{0x000000008612cde0}: org/codehaus/groovy/runtime/MethodClosureCustomizer> (0x000000008612cde0) thrown at [./src/hotspot/share/classfile/systemDictionary.cpp, line 231]
Event: 33.402 Thread 0x000001bc8757e000 Exception <a 'java/lang/ClassNotFoundException'{0x000000008619b978}: org/gradle/api/internal/artifacts/configurations/DefaultConfiguration$ConfigurationResolvableDependencies_DecoratedBeanInfo> (0x000000008619b978) thrown at [./src/hotspot/share/classfile/systemDictionary.cpp, line 231]
Event: 33.403 Thread 0x000001bc8757e000 Exception <a 'java/lang/ClassNotFoundException'{0x00000000861d1c48}: org/gradle/api/internal/artifacts/configurations/DefaultConfiguration$ConfigurationResolvableDependenciesBeanInfo> (0x00000000861d1c48) thrown at [./src/hotspot/share/classfile/systemDictionary.cpp, line 231]
Event: 33.404 Thread 0x000001bc8757e000 Exception <a 'java/lang/ClassNotFoundException'{0x0000000086009df8}: org/gradle/api/internal/artifacts/configurations/DefaultConfiguration$ConfigurationResolvableDependenciesCustomizer> (0x0000000086009df8) thrown at [./src/hotspot/share/classfile/systemDictionary.cpp, line 231]
Event: 33.405 Thread 0x000001bc8757e000 Exception <a 'java/lang/ClassNotFoundException'{0x0000000086053288}: org/gradle/api/internal/artifacts/configurations/DefaultConfiguration$ConfigurationResolvableDependencies_DecoratedCustomizer> (0x0000000086053288) thrown at [./src/hotspot/share/classfile/systemDictionary.cpp, line 231]
Event: 33.925 Thread 0x000001bc8757e000 Exception <a 'sun/nio/fs/WindowsException'{0x0000000087273890}> (0x0000000087273890) thrown at [./src/hotspot/share/prims/jni.cpp, line 616]

Events (20 events):
Event: 34.008 loading class com/android/repository/api/Repository
Event: 34.008 loading class com/android/repository/api/Repository done
Event: 34.009 loading class com/android/repository/impl/generated/v1/RepositoryType
Event: 34.009 loading class com/android/repository/impl/generated/v1/RepositoryType done
Event: 34.009 loading class com/android/repository/impl/meta/RemotePackageImpl
Event: 34.009 loading class com/android/repository/impl/meta/RemotePackageImpl done
Event: 34.010 loading class com/android/repository/api/RemotePackage
Event: 34.010 loading class com/android/repository/api/RemotePackage done
Event: 34.010 loading class com/android/repository/impl/generated/v1/RemotePackage
Event: 34.010 loading class com/android/repository/impl/generated/v1/RemotePackage done
Event: 34.011 loading class com/android/repository/impl/meta/RepoPackageImpl$UsesLicense
Event: 34.011 loading class com/android/repository/impl/meta/RepoPackageImpl$UsesLicense done
Event: 34.011 loading class com/android/repository/impl/generated/v1/LicenseRefType
Event: 34.011 loading class com/android/repository/impl/generated/v1/LicenseRefType done
Event: 34.011 loading class com/android/repository/api/Dependency
Event: 34.011 loading class com/android/repository/api/Dependency done
Event: 34.012 loading class com/android/repository/impl/generated/v1/DependencyType
Event: 34.012 loading class com/android/repository/impl/generated/v1/DependencyType done
Event: 34.014 loading class com/android/repository/impl/generated/v2/ObjectFactory
Event: 34.014 loading class com/android/repository/impl/generated/v2/ObjectFactory done


Dynamic libraries:
0x00007ff64b550000 - 0x00007ff64b55a000 	C:\Program Files\Android\Android Studio\jre\bin\java.exe
0x00007ffaad690000 - 0x00007ffaad8a4000 	C:\WINDOWS\SYSTEM32\ntdll.dll
0x00007ffaab930000 - 0x00007ffaab9f2000 	C:\WINDOWS\System32\KERNEL32.DLL
0x00007ffaaae80000 - 0x00007ffaab21c000 	C:\WINDOWS\System32\KERNELBASE.dll
0x00007ffaab380000 - 0x00007ffaab491000 	C:\WINDOWS\System32\ucrtbase.dll
0x00007ffa95db0000 - 0x00007ffa95dc9000 	C:\Program Files\Android\Android Studio\jre\bin\jli.dll
0x00007ffa88430000 - 0x00007ffa88447000 	C:\Program Files\Android\Android Studio\jre\bin\VCRUNTIME140.dll
0x00007ffaab4a0000 - 0x00007ffaab64b000 	C:\WINDOWS\System32\USER32.dll
0x00007ffaab2e0000 - 0x00007ffaab306000 	C:\WINDOWS\System32\win32u.dll
0x00007ffaac200000 - 0x00007ffaac229000 	C:\WINDOWS\System32\GDI32.dll
0x00007ffaaabf0000 - 0x00007ffaaad03000 	C:\WINDOWS\System32\gdi32full.dll
0x00007ffaaab50000 - 0x00007ffaaabea000 	C:\WINDOWS\System32\msvcp_win.dll
0x00007ffa94330000 - 0x00007ffa945be000 	C:\WINDOWS\WinSxS\amd64_microsoft.windows.common-controls_6595b64144ccf1df_6.0.22621.608_none_a9444ca7c10bb01d\COMCTL32.dll
0x00007ffaacaf0000 - 0x00007ffaacb97000 	C:\WINDOWS\System32\msvcrt.dll
0x00007ffaad600000 - 0x00007ffaad631000 	C:\WINDOWS\System32\IMM32.DLL
0x00007ffa79860000 - 0x00007ffa798fd000 	C:\Program Files\Android\Android Studio\jre\bin\msvcp140.dll
0x00007ffa3b8b0000 - 0x00007ffa3c3b2000 	C:\Program Files\Android\Android Studio\jre\bin\server\jvm.dll
0x00007ffaab800000 - 0x00007ffaab8ae000 	C:\WINDOWS\System32\ADVAPI32.dll
0x00007ffaabc70000 - 0x00007ffaabd14000 	C:\WINDOWS\System32\sechost.dll
0x00007ffaac240000 - 0x00007ffaac357000 	C:\WINDOWS\System32\RPCRT4.dll
0x00007ffaad640000 - 0x00007ffaad648000 	C:\WINDOWS\System32\PSAPI.DLL
0x00007ffaa3170000 - 0x00007ffaa31a4000 	C:\WINDOWS\SYSTEM32\WINMM.dll
0x00007ffaa3160000 - 0x00007ffaa316a000 	C:\WINDOWS\SYSTEM32\VERSION.dll
0x00007ffaa32d0000 - 0x00007ffaa32d9000 	C:\WINDOWS\SYSTEM32\WSOCK32.dll
0x00007ffaac530000 - 0x00007ffaac5a1000 	C:\WINDOWS\System32\WS2_32.dll
0x00007ffaa9a90000 - 0x00007ffaa9aa8000 	C:\WINDOWS\SYSTEM32\kernel.appcore.dll
0x00007ffaa2e30000 - 0x00007ffaa2e41000 	C:\Program Files\Android\Android Studio\jre\bin\verify.dll
0x00007ffaa8200000 - 0x00007ffaa842e000 	C:\WINDOWS\SYSTEM32\DBGHELP.DLL
0x00007ffaac5b0000 - 0x00007ffaac939000 	C:\WINDOWS\System32\combase.dll
0x00007ffaac940000 - 0x00007ffaaca17000 	C:\WINDOWS\System32\OLEAUT32.dll
0x00007ffa886c0000 - 0x00007ffa886f2000 	C:\WINDOWS\SYSTEM32\dbgcore.DLL
0x00007ffaaaad0000 - 0x00007ffaaab4b000 	C:\WINDOWS\System32\bcryptPrimitives.dll
0x00007ffa82450000 - 0x00007ffa82479000 	C:\Program Files\Android\Android Studio\jre\bin\java.dll
0x00007ffaa2b20000 - 0x00007ffaa2b2b000 	C:\Program Files\Android\Android Studio\jre\bin\jimage.dll
0x00007ffa88320000 - 0x00007ffa88338000 	C:\Program Files\Android\Android Studio\jre\bin\zip.dll
0x00007ffaace10000 - 0x00007ffaad600000 	C:\WINDOWS\System32\SHELL32.dll
0x00007ffaa8a90000 - 0x00007ffaa935d000 	C:\WINDOWS\SYSTEM32\windows.storage.dll
0x00007ffaa8950000 - 0x00007ffaa8a8e000 	C:\WINDOWS\SYSTEM32\wintypes.dll
0x00007ffaabb70000 - 0x00007ffaabc61000 	C:\WINDOWS\System32\SHCORE.dll
0x00007ffaaca90000 - 0x00007ffaacaee000 	C:\WINDOWS\System32\shlwapi.dll
0x00007ffaaaa00000 - 0x00007ffaaaa21000 	C:\WINDOWS\SYSTEM32\profapi.dll
0x00007ffa88d50000 - 0x00007ffa88d6a000 	C:\Program Files\Android\Android Studio\jre\bin\net.dll
0x00007ffaa2c20000 - 0x00007ffaa2d57000 	C:\WINDOWS\SYSTEM32\WINHTTP.dll
0x00007ffaa9f50000 - 0x00007ffaa9fb9000 	C:\WINDOWS\system32\mswsock.dll
0x00007ffa88100000 - 0x00007ffa88114000 	C:\Program Files\Android\Android Studio\jre\bin\nio.dll
0x00007ffa7e310000 - 0x00007ffa7e337000 	C:\Users\admmd\.gradle\native\e1d6ef7f7dcc3fd88c89a11ec53ec762bb8ba0a96d01ffa2cd45eb1d1d8dd5c5\windows-amd64\native-platform.dll
0x00007ffa69fe0000 - 0x00007ffa6a124000 	C:\Users\admmd\.gradle\native\0d407fdbe67a94daf76414ababcb853783967236a71b16ec16e742cd7a986fd3\windows-amd64\native-platform-file-events.dll
0x00007ffa94690000 - 0x00007ffa9469a000 	C:\Program Files\Android\Android Studio\jre\bin\management.dll
0x00007ffa92fa0000 - 0x00007ffa92fad000 	C:\Program Files\Android\Android Studio\jre\bin\management_ext.dll
0x00007ffaaa170000 - 0x00007ffaaa18b000 	C:\WINDOWS\SYSTEM32\CRYPTSP.dll
0x00007ffaa9a50000 - 0x00007ffaa9a85000 	C:\WINDOWS\system32\rsaenh.dll
0x00007ffaaa010000 - 0x00007ffaaa038000 	C:\WINDOWS\SYSTEM32\USERENV.dll
0x00007ffaaa3b0000 - 0x00007ffaaa3d8000 	C:\WINDOWS\SYSTEM32\bcrypt.dll
0x00007ffaaa190000 - 0x00007ffaaa19c000 	C:\WINDOWS\SYSTEM32\CRYPTBASE.dll
0x00007ffaa95b0000 - 0x00007ffaa95dd000 	C:\WINDOWS\SYSTEM32\IPHLPAPI.DLL
0x00007ffaac230000 - 0x00007ffaac239000 	C:\WINDOWS\System32\NSI.dll
0x00007ffaa2890000 - 0x00007ffaa28a9000 	C:\WINDOWS\SYSTEM32\dhcpcsvc6.DLL
0x00007ffaa2870000 - 0x00007ffaa288f000 	C:\WINDOWS\SYSTEM32\dhcpcsvc.DLL
0x00007ffaa9620000 - 0x00007ffaa9713000 	C:\WINDOWS\SYSTEM32\DNSAPI.dll

dbghelp: loaded successfully - version: 4.0.5 - missing functions: none
symbol engine: initialized successfully - sym options: 0x614 - pdb path: .;C:\Program Files\Android\Android Studio\jre\bin;C:\WINDOWS\SYSTEM32;C:\WINDOWS\WinSxS\amd64_microsoft.windows.common-controls_6595b64144ccf1df_6.0.22621.608_none_a9444ca7c10bb01d;C:\Program Files\Android\Android Studio\jre\bin\server;C:\Users\admmd\.gradle\native\e1d6ef7f7dcc3fd88c89a11ec53ec762bb8ba0a96d01ffa2cd45eb1d1d8dd5c5\windows-amd64;C:\Users\admmd\.gradle\native\0d407fdbe67a94daf76414ababcb853783967236a71b16ec16e742cd7a986fd3\windows-amd64

VM Arguments:
jvm_args: --add-opens=java.base/java.util=ALL-UNNAMED --add-opens=java.base/java.lang=ALL-UNNAMED --add-opens=java.base/java.lang.invoke=ALL-UNNAMED --add-opens=java.base/java.util=ALL-UNNAMED --add-opens=java.prefs/java.util.prefs=ALL-UNNAMED --add-opens=java.prefs/java.util.prefs=ALL-UNNAMED --add-opens=java.base/java.nio.charset=ALL-UNNAMED --add-opens=java.base/java.net=ALL-UNNAMED --add-opens=java.base/java.util.concurrent.atomic=ALL-UNNAMED -Xmx2048m -Dfile.encoding=UTF-8 -Duser.country=US -Duser.language=en -Duser.variant 
java_command: org.gradle.launcher.daemon.bootstrap.GradleDaemon 7.4
java_class_path (initial): C:\Users\admmd\.gradle\wrapper\dists\gradle-7.4-bin\c0gwcg53nkjbqw7r0h0umtfvt\gradle-7.4\lib\gradle-launcher-7.4.jar
Launcher Type: SUN_STANDARD

[Global flags]
     intx CICompilerCount                          = 3                                         {product} {ergonomic}
     uint ConcGCThreads                            = 1                                         {product} {ergonomic}
     uint G1ConcRefinementThreads                  = 4                                         {product} {ergonomic}
   size_t G1HeapRegionSize                         = 1048576                                   {product} {ergonomic}
    uintx GCDrainStackTargetSize                   = 64                                        {product} {ergonomic}
   size_t InitialHeapSize                          = 132120576                                 {product} {ergonomic}
   size_t MarkStackSize                            = 4194304                                   {product} {ergonomic}
   size_t MaxHeapSize                              = 2147483648                                {product} {command line}
   size_t MaxNewSize                               = 1287651328                                {product} {ergonomic}
   size_t MinHeapDeltaBytes                        = 1048576                                   {product} {ergonomic}
    uintx NonNMethodCodeHeapSize                   = 5830732                                {pd product} {ergonomic}
    uintx NonProfiledCodeHeapSize                  = 122913754                              {pd product} {ergonomic}
    uintx ProfiledCodeHeapSize                     = 122913754                              {pd product} {ergonomic}
    uintx ReservedCodeCacheSize                    = 251658240                              {pd product} {ergonomic}
     bool SegmentedCodeCache                       = true                                      {product} {ergonomic}
     bool UseCompressedClassPointers               = true                                 {lp64_product} {ergonomic}
     bool UseCompressedOops                        = true                                 {lp64_product} {ergonomic}
     bool UseG1GC                                  = true                                      {product} {ergonomic}
     bool UseLargePagesIndividualAllocation        = false                                  {pd product} {ergonomic}

Logging:
Log output configuration:
 #0: stdout all=warning uptime,level,tags
 #1: stderr all=off uptime,level,tags

Environment Variables:
PATH=C:\Program Files (x86)\NVIDIA Corporation\PhysX\Common;C:\Program Files\Common Files\Oracle\Java\javapath;C:\Program Files (x86)\Common Files\Oracle\Java\javapath;C:\WINDOWS\system32;C:\WINDOWS;C:\WINDOWS\System32\Wbem;C:\WINDOWS\System32\WindowsPowerShell\v1.0\;C:\WINDOWS\System32\OpenSSH\;C:\Program Files\Git\cmd;C:\Program Files\nodejs\;C:\Users\admmd\AppData\Local\Microsoft\WindowsApps;C:\Users\admmd\AppData\Local\Programs\Microsoft VS Code\bin;C:\Swift\bin;C:\flutter\f\bin;C:\Users\admmd\AppData\Roaming\npm
USERNAME=admmd
OS=Windows_NT
PROCESSOR_IDENTIFIER=Intel64 Family 6 Model 126 Stepping 5, GenuineIntel



---------------  S Y S T E M  ---------------

OS: Windows 11 , 64 bit Build 22621 (10.0.22621.1485)
OS uptime: 16 days 1:37 hours
Hyper-V role detected

CPU:total 4 (initial active 4) (2 cores per cpu, 2 threads per core) family 6 model 126 stepping 5 microcode 0xa0, cmov, cx8, fxsr, mmx, sse, sse2, sse3, ssse3, sse4.1, sse4.2, popcnt, avx, avx2, aes, clmul, erms, 3dnowpref, lzcnt, ht, tsc, tscinvbit, bmi1, bmi2, adx, evex, sha, fma

Memory: 4k page, system-wide physical 7997M (333M free)
TotalPageFile size 16047M (AvailPageFile size 16M)
current process WorkingSet (physical memory assigned to process): 335M, peak: 335M
current process commit charge ("private bytes"): 363M, peak: 364M

vm_info: OpenJDK 64-Bit Server VM (11.0.13+0-b1751.21-8125866) for windows-amd64 JRE (11.0.13+0-b1751.21-8125866), built on Feb  2 2022 03:00:22 by "builder" with MS VC++ 14.0 (VS2015)

END.
